#
# There is insufficient memory for the Java Runtime Environment to continue.
# Native memory allocation (mmap) failed to map 134217728 bytes for G1 virtual space
# Possible reasons:
#   The system is out of physical RAM or swap space
#   The process is running with CompressedOops enabled, and the Java Heap may be blocking the growth of the native heap
# Possible solutions:
#   Reduce memory load on the system
#   Increase physical memory or swap space
#   Check if swap backing store is full
#   Decrease Java heap size (-Xmx/-Xms)
#   Decrease number of Java threads
#   Decrease Java thread stack sizes (-Xss)
#   Set larger code cache with -XX:ReservedCodeCacheSize=
#   JVM is running with Unscaled Compressed Oops mode in which the Java heap is
#     placed in the first 4GB address space. The Java Heap base address is the
#     maximum limit for the native heap growth. Please use -XX:HeapBaseMinAddress
#     to set the Java Heap base and to place the Java Heap above 4GB virtual address.
# This output file may be truncated or incomplete.
#
#  Out of Memory Error (os_windows.cpp:3760), pid=9396, tid=6204
#
# JRE version:  (17.0.5+1) (build )
# Java VM: OpenJDK 64-Bit Server VM (17.0.5+1-b653.25, mixed mode, sharing, tiered, compressed oops, compressed class ptrs, g1 gc, windows-amd64)
# No core dump will be written. Minidumps are not enabled by default on client versions of Windows
#

---------------  S U M M A R Y ------------

Command Line: git4idea.http.GitAskPassApp Username for 'https://github.com': 

Host: Intel(R) Core(TM) i7-4700MQ CPU @ 2.40GHz, 8 cores, 7G,  Windows 10 , 64 bit Build 19041 (10.0.19041.2913)
Time: Mon Jun  5 16:14:27 2023 RTZ 2 (s 10 , 64 bit Build 19041 (10.0.19041.2913) elapsed time: 0.012990 seconds (0d 0h 0m 0s)

---------------  T H R E A D  ---------------

Current thread (0x0000027893b1dff0):  JavaThread "Unknown thread" [_thread_in_vm, id=6204, stack(0x000000e860e00000,0x000000e860f00000)]

Stack: [0x000000e860e00000,0x000000e860f00000]
Native frames: (J=compiled Java code, j=interpreted, Vv=VM code, C=native code)
V  [jvm.dll+0x6830ca]
V  [jvm.dll+0x83f4c4]
V  [jvm.dll+0x840c6e]
V  [jvm.dll+0x8412d3]
V  [jvm.dll+0x2490b5]
V  [jvm.dll+0x67ff99]
V  [jvm.dll+0x6744aa]
V  [jvm.dll+0x308f2b]
V  [jvm.dll+0x3103e6]
V  [jvm.dll+0x36013e]
V  [jvm.dll+0x36036f]
V  [jvm.dll+0x2df018]
V  [jvm.dll+0x2dff84]
V  [jvm.dll+0x810d91]
V  [jvm.dll+0x36df31]
V  [jvm.dll+0x7f028c]
V  [jvm.dll+0x3f0cbf]
V  [jvm.dll+0x3f2801]
C  [jli.dll+0x526b]
C  [ucrtbase.dll+0x21bb2]
C  [KERNEL32.DLL+0x17614]
C  [ntdll.dll+0x526a1]


---------------  P R O C E S S  ---------------

Threads class SMR info:
_java_thread_list=0x00007ffb31588f98, length=0, elements={
}

Java Threads: ( => current thread )

Other Threads:
  0x0000027893be3570 GCTaskThread "GC Thread#0" [stack: 0x000000e860f00000,0x000000e861000000] [id=5024]
  0x0000027893bf5340 ConcurrentGCThread "G1 Main Marker" [stack: 0x000000e861000000,0x000000e861100000] [id=13464]
  0x0000027893bf5d50 ConcurrentGCThread "G1 Conc#0" [stack: 0x000000e861100000,0x000000e861200000] [id=7672]

[error occurred during error reporting (printing all threads), id 0xc0000005, EXCEPTION_ACCESS_VIOLATION (0xc0000005) at pc=0x00007ffb30d3fbd7]

VM state: not at safepoint (not fully initialized)

VM Mutex/Monitor currently owned by a thread:  ([mutex/lock_event])
[0x0000027893b1ba90] Heap_lock - owner thread: 0x0000027893b1dff0

Heap address: 0x0000000080c00000, size: 2036 MB, Compressed Oops mode: 32-bit

CDS archive(s) mapped at: [0x0000000000000000-0x0000000000000000-0x0000000000000000), size 0, SharedBaseAddress: 0x0000000800000000, ArchiveRelocationMode: 0.
Narrow klass base: 0x0000000000000000, Narrow klass shift: 0, Narrow klass range: 0x0

GC Precious Log:
<Empty>

Heap:
 garbage-first heap   total 0K, used 0K [0x0000000080c00000, 0x0000000100000000)
  region size 1024K, 0 young (0K), 0 survivors (0K)

[error occurred during error reporting (printing heap information), id 0xc0000005, EXCEPTION_ACCESS_VIOLATION (0xc0000005) at pc=0x00007ffb3112cd59]

GC Heap History (0 events):
No events

Dll operation events (1 events):
Event: 0.006 Loaded shared library C:\Program Files\JetBrains\PyCharm Community Edition 2022.3.2\jbr\bin\java.dll

Deoptimization events (0 events):
No events

Classes unloaded (0 events):
No events

Classes redefined (0 events):
No events

Internal exceptions (0 events):
No events

VM Operations (0 events):
No events

Events (0 events):
No events


Dynamic libraries:
0x00007ff601cf0000 - 0x00007ff601cfa000 	C:\Program Files\JetBrains\PyCharm Community Edition 2022.3.2\jbr\bin\java.exe
0x00007ffb70290000 - 0x00007ffb70488000 	C:\Windows\SYSTEM32\ntdll.dll
0x00007ffb700b0000 - 0x00007ffb7016f000 	C:\Windows\System32\KERNEL32.DLL
0x00007ffb6dc20000 - 0x00007ffb6df16000 	C:\Windows\System32\KERNELBASE.dll
0x00007ffb6d970000 - 0x00007ffb6da70000 	C:\Windows\System32\ucrtbase.dll
0x00007ffb58e60000 - 0x00007ffb58e77000 	C:\Program Files\JetBrains\PyCharm Community Edition 2022.3.2\jbr\bin\jli.dll
0x00007ffb6e610000 - 0x00007ffb6e7ad000 	C:\Windows\System32\USER32.dll
0x00007ffb591b0000 - 0x00007ffb5944a000 	C:\Windows\WinSxS\amd64_microsoft.windows.common-controls_6595b64144ccf1df_6.0.19041.1110_none_60b5254171f9507e\COMCTL32.dll
0x00007ffb6e040000 - 0x00007ffb6e062000 	C:\Windows\System32\win32u.dll
0x00007ffb6e570000 - 0x00007ffb6e60e000 	C:\Windows\System32\msvcrt.dll
0x00007ffb6fa30000 - 0x00007ffb6fa5c000 	C:\Windows\System32\GDI32.dll
0x00007ffb6df20000 - 0x00007ffb6e035000 	C:\Windows\System32\gdi32full.dll
0x00007ffb57ea0000 - 0x00007ffb57ebb000 	C:\Program Files\JetBrains\PyCharm Community Edition 2022.3.2\jbr\bin\VCRUNTIME140.dll
0x00007ffb6e220000 - 0x00007ffb6e2bd000 	C:\Windows\System32\msvcp_win.dll
0x00007ffb6e540000 - 0x00007ffb6e570000 	C:\Windows\System32\IMM32.DLL
0x00007ffb68ce0000 - 0x00007ffb68cec000 	C:\Program Files\JetBrains\PyCharm Community Edition 2022.3.2\jbr\bin\vcruntime140_1.dll
0x00007ffb520d0000 - 0x00007ffb5215d000 	C:\Program Files\JetBrains\PyCharm Community Edition 2022.3.2\jbr\bin\msvcp140.dll
0x00007ffb30a50000 - 0x00007ffb316bb000 	C:\Program Files\JetBrains\PyCharm Community Edition 2022.3.2\jbr\bin\server\jvm.dll
0x00007ffb6fe80000 - 0x00007ffb6ff2f000 	C:\Windows\System32\ADVAPI32.dll
0x00007ffb6e4a0000 - 0x00007ffb6e53c000 	C:\Windows\System32\sechost.dll
0x00007ffb6e860000 - 0x00007ffb6e986000 	C:\Windows\System32\RPCRT4.dll
0x00007ffb68dc0000 - 0x00007ffb68dc9000 	C:\Windows\SYSTEM32\WSOCK32.dll
0x00007ffb62ef0000 - 0x00007ffb62f17000 	C:\Windows\SYSTEM32\WINMM.dll
0x00007ffb63090000 - 0x00007ffb6309a000 	C:\Windows\SYSTEM32\VERSION.dll
0x00007ffb6ffc0000 - 0x00007ffb7002b000 	C:\Windows\System32\WS2_32.dll
0x00007ffb6b7f0000 - 0x00007ffb6b802000 	C:\Windows\SYSTEM32\kernel.appcore.dll
0x00007ffb68c00000 - 0x00007ffb68c0a000 	C:\Program Files\JetBrains\PyCharm Community Edition 2022.3.2\jbr\bin\jimage.dll
0x00007ffb59450000 - 0x00007ffb59634000 	C:\Windows\SYSTEM32\DBGHELP.DLL
0x00007ffb54f10000 - 0x00007ffb54f44000 	C:\Windows\SYSTEM32\dbgcore.DLL
0x00007ffb6e120000 - 0x00007ffb6e1a2000 	C:\Windows\System32\bcryptPrimitives.dll
0x00007ffb65a10000 - 0x00007ffb65a35000 	C:\Program Files\JetBrains\PyCharm Community Edition 2022.3.2\jbr\bin\java.dll

dbghelp: loaded successfully - version: 4.0.5 - missing functions: none
symbol engine: initialized successfully - sym options: 0x614 - pdb path: .;C:\Program Files\JetBrains\PyCharm Community Edition 2022.3.2\jbr\bin;C:\Windows\SYSTEM32;C:\Windows\WinSxS\amd64_microsoft.windows.common-controls_6595b64144ccf1df_6.0.19041.1110_none_60b5254171f9507e;C:\Program Files\JetBrains\PyCharm Community Edition 2022.3.2\jbr\bin\server

VM Arguments:
java_command: git4idea.http.GitAskPassApp Username for 'https://github.com': 
java_class_path (initial): C:/Program Files/JetBrains/PyCharm Community Edition 2022.3.2/plugins/vcs-git/lib/git4idea-rt.jar;C:/Program Files/JetBrains/PyCharm Community Edition 2022.3.2/lib/externalProcess-rt.jar;C:/Program Files/JetBrains/PyCharm Community Edition 2022.3.2/lib/app.jar;C:/Program Files/JetBrains/PyCharm Community Edition 2022.3.2/lib/3rd-party-rt.jar
Launcher Type: SUN_STANDARD

[Global flags]
     intx CICompilerCount                          = 4                                         {product} {ergonomic}
     uint ConcGCThreads                            = 2                                         {product} {ergonomic}
     uint G1ConcRefinementThreads                  = 8                                         {product} {ergonomic}
   size_t G1HeapRegionSize                         = 1048576                                   {product} {ergonomic}
    uintx GCDrainStackTargetSize                   = 64                                        {product} {ergonomic}
   size_t InitialHeapSize                          = 134217728                                 {product} {ergonomic}
   size_t MarkStackSize                            = 4194304                                   {product} {ergonomic}
   size_t MaxHeapSize                              = 2134900736                                {product} {ergonomic}
   size_t MinHeapDeltaBytes                        = 1048576                                   {product} {ergonomic}
   size_t MinHeapSize                              = 8388608                                   {product} {ergonomic}
    uintx NonNMethodCodeHeapSize                   = 5839372                                {pd product} {ergonomic}
    uintx NonProfiledCodeHeapSize                  = 122909434                              {pd product} {ergonomic}
    uintx ProfiledCodeHeapSize                     = 122909434                              {pd product} {ergonomic}
    uintx ReservedCodeCacheSize                    = 251658240                              {pd product} {ergonomic}
     bool SegmentedCodeCache                       = true                                      {product} {ergonomic}
   size_t SoftMaxHeapSize                          = 2134900736                             {manageable} {ergonomic}
     bool UseCompressedClassPointers               = true                           {product lp64_product} {ergonomic}
     bool UseCompressedOops                        = true                           {product lp64_product} {ergonomic}
     bool UseG1GC                                  = true                                      {product} {ergonomic}
     bool UseLargePagesIndividualAllocation        = false                                  {pd product} {ergonomic}

Logging:
Log output configuration:
 #0: stdout all=warning uptime,level,tags
 #1: stderr all=off uptime,level,tags

Environment Variables:
PATH=C:\Program Files\Git\mingw64\libexec\git-core;C:\Program Files\Git\mingw64\libexec\git-core;C:\Program Files\Git\mingw64\bin;C:\Program Files\Git\usr\bin;C:\Users\Lenovo\bin;E:\GitHub\outletavto\venv\Scripts;C:\Ruby32-x64\bin;C:\Python311\Scripts;C:\Python311;C:\tdm-gcc-32\bin;C:\tdm-gcc-32\libexec\gcc\x86_64-w64-mingw32\12.2.0;C:\Program Files (x86)\Common Files\Oracle\Java\javapath;C:\Program Files\Python310\Scripts;C:\Program Files\Python310;C:\ProgramData\Oracle\Java\javapath;C:\Windows\system32;C:\Windows;C:\Windows\System32\Wbem;C:\Windows\System32\WindowsPowerShell\v1.0;C:\Windows\System32\OpenSSH;C:\Program Files\Microsoft SQL Server\150\Tools\Binn;C:\Program Files\Microsoft SQL Server\Client SDK\ODBC\170\Tools\Binn;C:\Program Files\dotnet;C:\Program Files\NVIDIA Corporation\NVIDIA NvDLISR;C:\Program Files\Git\cmd;C:\Users\Lenovo\Documents\GitHub\Python\Chat\rclone;C:\Program Files\PuTTY;C:\Program Files (x86)\NVIDIA Corporation\PhysX\Common;C:\Program Files\TortoiseGit\bin;C:\ProgramData\chocolatey\bin;C:\Program Files\Go\bin;C:\Program Files\nodejs;C:\Program Files\PostgreSQL\15\bin;C:\Program Files\Docker\Docker\resources\bin;C:\Users\Lenovo\.cargo\bin;C:\Users\Lenovo\AppData\Local\Microsoft\WindowsApps;C:\Users\Lenovo\.dotnet\tools;C:\Users\Lenovo\AppData\Local\Programs\Microsoft VS Code\bin;C:\Users\Lenovo\AppData\Local\GitHubDesktop\bin;C:\laragon\bin\php\php-7.4.30-Win32-vc15-x64;C:\Program Files\JetBrains\PyCharm Community Edition 2022.3.2\bin;C:\Users\Lenovo\go\bin;C:\Users\Lenovo\AppData\Roaming\npm;C:\Program Files\OpenSSL\bin;C:\Program Files\heroku\bin;E:\RubyMine 2020.1\bin
USERNAME=Lenovo
DISPLAY=:0.0
LC_ALL=en_US.UTF-8
TERM=cygwin
TMPDIR=C:\Users\Lenovo\AppData\Local\Temp
OS=Windows_NT
PROCESSOR_IDENTIFIER=Intel64 Family 6 Model 60 Stepping 3, GenuineIntel
TMP=C:\Users\Lenovo\AppData\Local\Temp
TEMP=C:\Users\Lenovo\AppData\Local\Temp



---------------  S Y S T E M  ---------------

OS:
 Windows 10 , 64 bit Build 19041 (10.0.19041.2913)
OS uptime: 2 days 19:12 hours
Hyper-V role detected

CPU: total 8 (initial active 8) (4 cores per cpu, 2 threads per core) family 6 model 60 stepping 3 microcode 0x27, cx8, cmov, fxsr, ht, mmx, sse, sse2, sse3, ssse3, sse4.1, sse4.2, popcnt, lzcnt, tsc, tscinvbit, avx, avx2, aes, erms, clmul, bmi1, bmi2, fma, vzeroupper, clflush, hv

Memory: 4k page, system-wide physical 8138M (691M free)
TotalPageFile size 32714M (AvailPageFile size 26M)
current process WorkingSet (physical memory assigned to process): 10M, peak: 10M
current process commit charge ("private bytes"): 60M, peak: 188M

vm_info: OpenJDK 64-Bit Server VM (17.0.5+1-b653.25) for windows-amd64 JRE (17.0.5+1-b653.25), built on 2023-01-04 by "builduser" with MS VC++ 16.10 / 16.11 (VS2019)

END.
